This file contains any messages produced by compilers while
running configure, to aid debugging if configure makes a mistake.

It was created by jansson configure 2.9, which was
generated by GNU Autoconf 2.69.  Invocation command line was

  $ ./configure 

## --------- ##
## Platform. ##
## --------- ##

hostname = amnesia92.home
uname -m = x86_64
uname -r = 15.6.0
uname -s = Darwin
uname -v = Darwin Kernel Version 15.6.0: Thu Sep  1 15:01:16 PDT 2016; root:xnu-3248.60.11~2/RELEASE_X86_64

/usr/bin/uname -p = i386
/bin/uname -X     = unknown

/bin/arch              = unknown
/usr/bin/arch -k       = unknown
/usr/convex/getsysinfo = unknown
/usr/bin/hostinfo      = Mach kernel version:
	 Darwin Kernel Version 15.6.0: Thu Sep  1 15:01:16 PDT 2016; root:xnu-3248.60.11~2/RELEASE_X86_64
Kernel configured for up to 4 processors.
2 processors are physically available.
4 processors are logically available.
Processor type: i486 (Intel 80486)
Processors active: 0 1 2 3
Primary memory available: 4.00 gigabytes
Default processor set: 221 tasks, 1051 threads, 4 processors
Load average: 1.64, Mach factor: 2.35
/bin/machine           = unknown
/usr/bin/oslevel       = unknown
/bin/universe          = unknown

PATH: /Users/Martin/.rvm/gems/ruby-2.2.3/bin
PATH: /Users/Martin/.rvm/gems/ruby-2.2.3@global/bin
PATH: /Users/Martin/.rvm/rubies/ruby-2.2.3/bin
PATH: /usr/local/bin
PATH: /usr/bin
PATH: /bin
PATH: /usr/sbin
PATH: /sbin
PATH: /Users/Martin/bin
PATH: /usr/local/MacGPG2/bin
PATH: /usr/local/sbin
PATH: /Users/Martin/Dev/bin
PATH: /Users/Martin/.rvm/bin


## ----------- ##
## Core tests. ##
## ----------- ##

configure:2417: checking for a BSD-compatible install
configure:2485: result: /usr/bin/install -c
configure:2496: checking whether build environment is sane
configure:2551: result: yes
configure:2702: checking for a thread-safe mkdir -p
configure:2741: result: ./install-sh -c -d
configure:2748: checking for gawk
configure:2778: result: no
configure:2748: checking for mawk
configure:2778: result: no
configure:2748: checking for nawk
configure:2778: result: no
configure:2748: checking for awk
configure:2764: found /usr/bin/awk
configure:2775: result: awk
configure:2786: checking whether make sets $(MAKE)
configure:2808: result: yes
configure:2837: checking whether make supports nested variables
configure:2854: result: yes
configure:3034: checking for gcc
configure:3050: found /usr/bin/gcc
configure:3061: result: gcc
configure:3290: checking for C compiler version
configure:3299: gcc --version >&5
Apple LLVM version 7.3.0 (clang-703.0.31)
Target: x86_64-apple-darwin15.6.0
Thread model: posix
InstalledDir: /Library/Developer/CommandLineTools/usr/bin
Configured with: --prefix=/Library/Developer/CommandLineTools/usr --with-gxx-include-dir=/usr/include/c++/4.2.1
configure:3310: $? = 0
configure:3299: gcc -v >&5
Configured with: --prefix=/Library/Developer/CommandLineTools/usr --with-gxx-include-dir=/usr/include/c++/4.2.1
Apple LLVM version 7.3.0 (clang-703.0.31)
Target: x86_64-apple-darwin15.6.0
Thread model: posix
InstalledDir: /Library/Developer/CommandLineTools/usr/bin
configure:3310: $? = 0
configure:3299: gcc -V >&5
clang: error: argument to '-V' is missing (expected 1 value)
clang: error: no input files
configure:3310: $? = 1
configure:3299: gcc -qversion >&5
clang: error: unknown argument: '-qversion'
clang: error: no input files
configure:3310: $? = 1
configure:3330: checking whether the C compiler works
configure:3352: gcc    conftest.c  >&5
configure:3356: $? = 0
configure:3404: result: yes
configure:3407: checking for C compiler default output file name
configure:3409: result: a.out
configure:3415: checking for suffix of executables
configure:3422: gcc -o conftest    conftest.c  >&5
configure:3426: $? = 0
configure:3448: result: 
configure:3470: checking whether we are cross compiling
configure:3478: gcc -o conftest    conftest.c  >&5
configure:3482: $? = 0
configure:3489: ./conftest
configure:3493: $? = 0
configure:3508: result: no
configure:3513: checking for suffix of object files
configure:3535: gcc -c   conftest.c >&5
configure:3539: $? = 0
configure:3560: result: o
configure:3564: checking whether we are using the GNU C compiler
configure:3583: gcc -c   conftest.c >&5
configure:3583: $? = 0
configure:3592: result: yes
configure:3601: checking whether gcc accepts -g
configure:3621: gcc -c -g  conftest.c >&5
configure:3621: $? = 0
configure:3662: result: yes
configure:3679: checking for gcc option to accept ISO C89
configure:3742: gcc  -c -g -O2  conftest.c >&5
configure:3742: $? = 0
configure:3755: result: none needed
configure:3780: checking whether gcc understands -c and -o together
configure:3802: gcc -c conftest.c -o conftest2.o
configure:3805: $? = 0
configure:3802: gcc -c conftest.c -o conftest2.o
configure:3805: $? = 0
configure:3817: result: yes
configure:3845: checking for style of include used by make
configure:3873: result: GNU
configure:3899: checking dependency style of gcc
configure:4010: result: gcc3
configure:4054: checking build system type
configure:4068: result: x86_64-apple-darwin15.6.0
configure:4088: checking host system type
configure:4101: result: x86_64-apple-darwin15.6.0
configure:4142: checking how to print strings
configure:4169: result: printf
configure:4190: checking for a sed that does not truncate output
configure:4254: result: /usr/bin/sed
configure:4272: checking for grep that handles long lines and -e
configure:4330: result: /usr/bin/grep
configure:4335: checking for egrep
configure:4397: result: /usr/bin/grep -E
configure:4402: checking for fgrep
configure:4464: result: /usr/bin/grep -F
configure:4499: checking for ld used by gcc
configure:4566: result: /Library/Developer/CommandLineTools/usr/bin/ld
configure:4573: checking if the linker (/Library/Developer/CommandLineTools/usr/bin/ld) is GNU ld
configure:4588: result: no
configure:4600: checking for BSD- or MS-compatible name lister (nm)
configure:4654: result: /usr/bin/nm -B
configure:4784: checking the name lister (/usr/bin/nm -B) interface
configure:4791: gcc -c -g -O2  conftest.c >&5
configure:4794: /usr/bin/nm -B "conftest.o"
configure:4797: output
00000000000001fc S _some_variable
configure:4804: result: BSD nm
configure:4807: checking whether ln -s works
configure:4811: result: yes
configure:4819: checking the maximum length of command line arguments
configure:4950: result: 196608
configure:4998: checking how to convert x86_64-apple-darwin15.6.0 file names to x86_64-apple-darwin15.6.0 format
configure:5038: result: func_convert_file_noop
configure:5045: checking how to convert x86_64-apple-darwin15.6.0 file names to toolchain format
configure:5065: result: func_convert_file_noop
configure:5072: checking for /Library/Developer/CommandLineTools/usr/bin/ld option to reload object files
configure:5079: result: -r
configure:5153: checking for objdump
configure:5183: result: no
configure:5212: checking how to recognize dependent libraries
configure:5412: result: pass_all
configure:5497: checking for dlltool
configure:5527: result: no
configure:5557: checking how to associate runtime and link libraries
configure:5584: result: printf %s\n
configure:5645: checking for ar
configure:5661: found /usr/bin/ar
configure:5672: result: ar
configure:5709: checking for archiver @FILE support
configure:5726: gcc -c -g -O2  conftest.c >&5
configure:5726: $? = 0
configure:5729: ar cru libconftest.a @conftest.lst >&5
ar: @conftest.lst: No such file or directory
configure:5732: $? = 1
configure:5752: result: no
configure:5810: checking for strip
configure:5826: found /usr/bin/strip
configure:5837: result: strip
configure:5909: checking for ranlib
configure:5925: found /usr/bin/ranlib
configure:5936: result: ranlib
configure:6038: checking command to parse /usr/bin/nm -B output from gcc object
configure:6191: gcc -c -g -O2  conftest.c >&5
configure:6194: $? = 0
configure:6198: /usr/bin/nm -B conftest.o \| sed -n -e 's/^.*[ ]\([BCDEGRST][BCDEGRST]*\)[ ][ ]*\([_A-Za-z][_A-Za-z0-9]*\)$/\1 \2 \2/p' | sed '/ __gnu_lto/d' \> conftest.nm
configure:6201: $? = 0
cannot find nm_test_var in conftest.nm
configure:6191: gcc -c -g -O2  conftest.c >&5
configure:6194: $? = 0
configure:6198: /usr/bin/nm -B conftest.o \| sed -n -e 's/^.*[ ]\([BCDEGRST][BCDEGRST]*\)[ ][ ]*_\([_A-Za-z][_A-Za-z0-9]*\)$/\1 _\2 \2/p' | sed '/ __gnu_lto/d' \> conftest.nm
configure:6201: $? = 0
configure:6267: gcc -o conftest -g -O2   conftest.c conftstm.o >&5
warning: (x86_64)  could not find object file symbol for symbol _main
configure:6270: $? = 0
configure:6308: result: ok
configure:6355: checking for sysroot
configure:6385: result: no
configure:6392: checking for a working dd
configure:6430: result: /bin/dd
configure:6434: checking how to truncate binary pipes
configure:6449: result: /bin/dd bs=4096 count=1
configure:6778: checking for mt
configure:6808: result: no
configure:6828: checking if : is a manifest tool
configure:6834: : '-?'
configure:6842: result: no
configure:6898: checking for dsymutil
configure:6914: found /usr/bin/dsymutil
configure:6925: result: dsymutil
configure:6990: checking for nmedit
configure:7006: found /usr/bin/nmedit
configure:7017: result: nmedit
configure:7082: checking for lipo
configure:7098: found /usr/bin/lipo
configure:7109: result: lipo
configure:7174: checking for otool
configure:7190: found /usr/bin/otool
configure:7201: result: otool
configure:7266: checking for otool64
configure:7296: result: no
configure:7341: checking for -single_module linker flag
gcc -g -O2  -o libconftest.dylib -dynamiclib -Wl,-single_module conftest.c
configure:7374: result: yes
configure:7377: checking for -exported_symbols_list linker flag
configure:7397: gcc -o conftest -g -O2   -Wl,-exported_symbols_list,conftest.sym conftest.c  >&5
configure:7397: $? = 0
configure:7407: result: yes
configure:7410: checking for -force_load linker flag
gcc -g -O2 -c -o conftest.o conftest.c
ar cru libconftest.a conftest.o
ranlib libconftest.a
gcc -g -O2  -o conftest conftest.c -Wl,-force_load,./libconftest.a
configure:7442: result: yes
configure:7519: checking how to run the C preprocessor
configure:7550: gcc -E  conftest.c
configure:7550: $? = 0
configure:7564: gcc -E  conftest.c
conftest.c:11:10: fatal error: 'ac_nonexistent.h' file not found
#include <ac_nonexistent.h>
         ^
1 error generated.
configure:7564: $? = 1
configure: failed program was:
| /* confdefs.h */
| #define PACKAGE_NAME "jansson"
| #define PACKAGE_TARNAME "jansson"
| #define PACKAGE_VERSION "2.9"
| #define PACKAGE_STRING "jansson 2.9"
| #define PACKAGE_BUGREPORT "petri@digip.org"
| #define PACKAGE_URL ""
| #define PACKAGE "jansson"
| #define VERSION "2.9"
| /* end confdefs.h.  */
| #include <ac_nonexistent.h>
configure:7589: result: gcc -E
configure:7609: gcc -E  conftest.c
configure:7609: $? = 0
configure:7623: gcc -E  conftest.c
conftest.c:11:10: fatal error: 'ac_nonexistent.h' file not found
#include <ac_nonexistent.h>
         ^
1 error generated.
configure:7623: $? = 1
configure: failed program was:
| /* confdefs.h */
| #define PACKAGE_NAME "jansson"
| #define PACKAGE_TARNAME "jansson"
| #define PACKAGE_VERSION "2.9"
| #define PACKAGE_STRING "jansson 2.9"
| #define PACKAGE_BUGREPORT "petri@digip.org"
| #define PACKAGE_URL ""
| #define PACKAGE "jansson"
| #define VERSION "2.9"
| /* end confdefs.h.  */
| #include <ac_nonexistent.h>
configure:7652: checking for ANSI C header files
configure:7672: gcc -c -g -O2  conftest.c >&5
configure:7672: $? = 0
configure:7745: gcc -o conftest -g -O2   conftest.c  >&5
configure:7745: $? = 0
configure:7745: ./conftest
configure:7745: $? = 0
configure:7756: result: yes
configure:7769: checking for sys/types.h
configure:7769: gcc -c -g -O2  conftest.c >&5
configure:7769: $? = 0
configure:7769: result: yes
configure:7769: checking for sys/stat.h
configure:7769: gcc -c -g -O2  conftest.c >&5
configure:7769: $? = 0
configure:7769: result: yes
configure:7769: checking for stdlib.h
configure:7769: gcc -c -g -O2  conftest.c >&5
configure:7769: $? = 0
configure:7769: result: yes
configure:7769: checking for string.h
configure:7769: gcc -c -g -O2  conftest.c >&5
configure:7769: $? = 0
configure:7769: result: yes
configure:7769: checking for memory.h
configure:7769: gcc -c -g -O2  conftest.c >&5
configure:7769: $? = 0
configure:7769: result: yes
configure:7769: checking for strings.h
configure:7769: gcc -c -g -O2  conftest.c >&5
configure:7769: $? = 0
configure:7769: result: yes
configure:7769: checking for inttypes.h
configure:7769: gcc -c -g -O2  conftest.c >&5
configure:7769: $? = 0
configure:7769: result: yes
configure:7769: checking for stdint.h
configure:7769: gcc -c -g -O2  conftest.c >&5
configure:7769: $? = 0
configure:7769: result: yes
configure:7769: checking for unistd.h
configure:7769: gcc -c -g -O2  conftest.c >&5
configure:7769: $? = 0
configure:7769: result: yes
configure:7783: checking for dlfcn.h
configure:7783: gcc -c -g -O2  conftest.c >&5
configure:7783: $? = 0
configure:7783: result: yes
configure:8039: checking for objdir
configure:8054: result: .libs
configure:8314: checking if gcc supports -fno-rtti -fno-exceptions
configure:8332: gcc -c -g -O2  -fno-rtti -fno-exceptions conftest.c >&5
configure:8336: $? = 0
configure:8349: result: yes
configure:8707: checking for gcc option to produce PIC
configure:8714: result: -fno-common -DPIC
configure:8722: checking if gcc PIC flag -fno-common -DPIC works
configure:8740: gcc -c -g -O2  -fno-common -DPIC -DPIC conftest.c >&5
configure:8744: $? = 0
configure:8757: result: yes
configure:8786: checking if gcc static flag -static works
configure:8814: result: no
configure:8829: checking if gcc supports -c -o file.o
configure:8850: gcc -c -g -O2  -o out/conftest2.o conftest.c >&5
configure:8854: $? = 0
configure:8876: result: yes
configure:8884: checking if gcc supports -c -o file.o
configure:8931: result: yes
configure:8964: checking whether the gcc linker (/Library/Developer/CommandLineTools/usr/bin/ld) supports shared libraries
configure:10227: result: yes
configure:10467: checking dynamic linker characteristics
configure:11297: result: darwin15.6.0 dyld
configure:11419: checking how to hardcode library paths into programs
configure:11444: result: immediate
configure:11992: checking whether stripping libraries is possible
configure:12006: result: yes
configure:12032: checking if libtool supports shared libraries
configure:12034: result: yes
configure:12037: checking whether to build shared libraries
configure:12062: result: yes
configure:12065: checking whether to build static libraries
configure:12069: result: yes
configure:12121: checking endian.h usability
configure:12121: gcc -c -g -O2  conftest.c >&5
conftest.c:56:10: fatal error: 'endian.h' file not found
#include <endian.h>
         ^
1 error generated.
configure:12121: $? = 1
configure: failed program was:
| /* confdefs.h */
| #define PACKAGE_NAME "jansson"
| #define PACKAGE_TARNAME "jansson"
| #define PACKAGE_VERSION "2.9"
| #define PACKAGE_STRING "jansson 2.9"
| #define PACKAGE_BUGREPORT "petri@digip.org"
| #define PACKAGE_URL ""
| #define PACKAGE "jansson"
| #define VERSION "2.9"
| #define STDC_HEADERS 1
| #define HAVE_SYS_TYPES_H 1
| #define HAVE_SYS_STAT_H 1
| #define HAVE_STDLIB_H 1
| #define HAVE_STRING_H 1
| #define HAVE_MEMORY_H 1
| #define HAVE_STRINGS_H 1
| #define HAVE_INTTYPES_H 1
| #define HAVE_STDINT_H 1
| #define HAVE_UNISTD_H 1
| #define HAVE_DLFCN_H 1
| #define LT_OBJDIR ".libs/"
| /* end confdefs.h.  */
| #include <stdio.h>
| #ifdef HAVE_SYS_TYPES_H
| # include <sys/types.h>
| #endif
| #ifdef HAVE_SYS_STAT_H
| # include <sys/stat.h>
| #endif
| #ifdef STDC_HEADERS
| # include <stdlib.h>
| # include <stddef.h>
| #else
| # ifdef HAVE_STDLIB_H
| #  include <stdlib.h>
| # endif
| #endif
| #ifdef HAVE_STRING_H
| # if !defined STDC_HEADERS && defined HAVE_MEMORY_H
| #  include <memory.h>
| # endif
| # include <string.h>
| #endif
| #ifdef HAVE_STRINGS_H
| # include <strings.h>
| #endif
| #ifdef HAVE_INTTYPES_H
| # include <inttypes.h>
| #endif
| #ifdef HAVE_STDINT_H
| # include <stdint.h>
| #endif
| #ifdef HAVE_UNISTD_H
| # include <unistd.h>
| #endif
| #include <endian.h>
configure:12121: result: no
configure:12121: checking endian.h presence
configure:12121: gcc -E  conftest.c
conftest.c:23:10: fatal error: 'endian.h' file not found
#include <endian.h>
         ^
1 error generated.
configure:12121: $? = 1
configure: failed program was:
| /* confdefs.h */
| #define PACKAGE_NAME "jansson"
| #define PACKAGE_TARNAME "jansson"
| #define PACKAGE_VERSION "2.9"
| #define PACKAGE_STRING "jansson 2.9"
| #define PACKAGE_BUGREPORT "petri@digip.org"
| #define PACKAGE_URL ""
| #define PACKAGE "jansson"
| #define VERSION "2.9"
| #define STDC_HEADERS 1
| #define HAVE_SYS_TYPES_H 1
| #define HAVE_SYS_STAT_H 1
| #define HAVE_STDLIB_H 1
| #define HAVE_STRING_H 1
| #define HAVE_MEMORY_H 1
| #define HAVE_STRINGS_H 1
| #define HAVE_INTTYPES_H 1
| #define HAVE_STDINT_H 1
| #define HAVE_UNISTD_H 1
| #define HAVE_DLFCN_H 1
| #define LT_OBJDIR ".libs/"
| /* end confdefs.h.  */
| #include <endian.h>
configure:12121: result: no
configure:12121: checking for endian.h
configure:12121: result: no
configure:12121: checking fcntl.h usability
configure:12121: gcc -c -g -O2  conftest.c >&5
configure:12121: $? = 0
configure:12121: result: yes
configure:12121: checking fcntl.h presence
configure:12121: gcc -E  conftest.c
configure:12121: $? = 0
configure:12121: result: yes
configure:12121: checking for fcntl.h
configure:12121: result: yes
configure:12121: checking locale.h usability
configure:12121: gcc -c -g -O2  conftest.c >&5
configure:12121: $? = 0
configure:12121: result: yes
configure:12121: checking locale.h presence
configure:12121: gcc -E  conftest.c
configure:12121: $? = 0
configure:12121: result: yes
configure:12121: checking for locale.h
configure:12121: result: yes
configure:12121: checking sched.h usability
configure:12121: gcc -c -g -O2  conftest.c >&5
configure:12121: $? = 0
configure:12121: result: yes
configure:12121: checking sched.h presence
configure:12121: gcc -E  conftest.c
configure:12121: $? = 0
configure:12121: result: yes
configure:12121: checking for sched.h
configure:12121: result: yes
configure:12121: checking for unistd.h
configure:12121: result: yes
configure:12121: checking sys/param.h usability
configure:12121: gcc -c -g -O2  conftest.c >&5
configure:12121: $? = 0
configure:12121: result: yes
configure:12121: checking sys/param.h presence
configure:12121: gcc -E  conftest.c
configure:12121: $? = 0
configure:12121: result: yes
configure:12121: checking for sys/param.h
configure:12121: result: yes
configure:12121: checking for sys/stat.h
configure:12121: result: yes
configure:12121: checking sys/time.h usability
configure:12121: gcc -c -g -O2  conftest.c >&5
configure:12121: $? = 0
configure:12121: result: yes
configure:12121: checking sys/time.h presence
configure:12121: gcc -E  conftest.c
configure:12121: $? = 0
configure:12121: result: yes
configure:12121: checking for sys/time.h
configure:12121: result: yes
configure:12121: checking for sys/types.h
configure:12121: result: yes
configure:12133: checking for int32_t
configure:12133: gcc -c -g -O2  conftest.c >&5
configure:12133: $? = 0
configure:12133: gcc -c -g -O2  conftest.c >&5
conftest.c:68:24: error: 'test_array' declared as an array with a negative size
static int test_array [1 - 2 * !((int32_t) (((((int32_t) 1 << N) << N) - 1) * 2 + 1)
                       ^~~~~~~~~~~~~~~~~~~~~~~~~~~~~~~~~~~~~~~~~~~~~~~~~~~~~~~~~~~~~
1 error generated.
configure:12133: $? = 1
configure: failed program was:
| /* confdefs.h */
| #define PACKAGE_NAME "jansson"
| #define PACKAGE_TARNAME "jansson"
| #define PACKAGE_VERSION "2.9"
| #define PACKAGE_STRING "jansson 2.9"
| #define PACKAGE_BUGREPORT "petri@digip.org"
| #define PACKAGE_URL ""
| #define PACKAGE "jansson"
| #define VERSION "2.9"
| #define STDC_HEADERS 1
| #define HAVE_SYS_TYPES_H 1
| #define HAVE_SYS_STAT_H 1
| #define HAVE_STDLIB_H 1
| #define HAVE_STRING_H 1
| #define HAVE_MEMORY_H 1
| #define HAVE_STRINGS_H 1
| #define HAVE_INTTYPES_H 1
| #define HAVE_STDINT_H 1
| #define HAVE_UNISTD_H 1
| #define HAVE_DLFCN_H 1
| #define LT_OBJDIR ".libs/"
| #define HAVE_FCNTL_H 1
| #define HAVE_LOCALE_H 1
| #define HAVE_SCHED_H 1
| #define HAVE_UNISTD_H 1
| #define HAVE_SYS_PARAM_H 1
| #define HAVE_SYS_STAT_H 1
| #define HAVE_SYS_TIME_H 1
| #define HAVE_SYS_TYPES_H 1
| /* end confdefs.h.  */
| #include <stdio.h>
| #ifdef HAVE_SYS_TYPES_H
| # include <sys/types.h>
| #endif
| #ifdef HAVE_SYS_STAT_H
| # include <sys/stat.h>
| #endif
| #ifdef STDC_HEADERS
| # include <stdlib.h>
| # include <stddef.h>
| #else
| # ifdef HAVE_STDLIB_H
| #  include <stdlib.h>
| # endif
| #endif
| #ifdef HAVE_STRING_H
| # if !defined STDC_HEADERS && defined HAVE_MEMORY_H
| #  include <memory.h>
| # endif
| # include <string.h>
| #endif
| #ifdef HAVE_STRINGS_H
| # include <strings.h>
| #endif
| #ifdef HAVE_INTTYPES_H
| # include <inttypes.h>
| #endif
| #ifdef HAVE_STDINT_H
| # include <stdint.h>
| #endif
| #ifdef HAVE_UNISTD_H
| # include <unistd.h>
| #endif
| 	        enum { N = 32 / 2 - 1 };
| int
| main ()
| {
| static int test_array [1 - 2 * !((int32_t) (((((int32_t) 1 << N) << N) - 1) * 2 + 1)
| 		 < (int32_t) (((((int32_t) 1 << N) << N) - 1) * 2 + 2))];
| test_array [0] = 0;
| return test_array [0];
| 
|   ;
|   return 0;
| }
configure:12133: result: yes
configure:12144: checking for uint32_t
configure:12144: gcc -c -g -O2  conftest.c >&5
configure:12144: $? = 0
configure:12144: result: yes
configure:12158: checking for uint16_t
configure:12158: gcc -c -g -O2  conftest.c >&5
configure:12158: $? = 0
configure:12158: result: yes
configure:12170: checking for uint8_t
configure:12170: gcc -c -g -O2  conftest.c >&5
configure:12170: $? = 0
configure:12170: result: yes
configure:12185: checking for unsigned long long int
configure:12224: gcc -o conftest -g -O2   conftest.c  >&5
configure:12224: $? = 0
configure:12233: result: yes
configure:12243: checking for long long int
configure:12281: gcc -o conftest -g -O2   conftest.c  >&5
configure:12281: $? = 0
configure:12281: ./conftest
configure:12281: $? = 0
configure:12293: result: yes
configure:12302: checking for inline
configure:12318: gcc -c -g -O2  conftest.c >&5
configure:12318: $? = 0
configure:12326: result: inline
configure:12355: checking for close
configure:12355: gcc -o conftest -g -O2   conftest.c  >&5
configure:12355: $? = 0
configure:12355: result: yes
configure:12355: checking for getpid
configure:12355: gcc -o conftest -g -O2   conftest.c  >&5
configure:12355: $? = 0
configure:12355: result: yes
configure:12355: checking for gettimeofday
configure:12355: gcc -o conftest -g -O2   conftest.c  >&5
configure:12355: $? = 0
configure:12355: result: yes
configure:12355: checking for localeconv
configure:12355: gcc -o conftest -g -O2   conftest.c  >&5
configure:12355: $? = 0
configure:12355: result: yes
configure:12355: checking for open
configure:12355: gcc -o conftest -g -O2   conftest.c  >&5
configure:12355: $? = 0
configure:12355: result: yes
configure:12355: checking for read
configure:12355: gcc -o conftest -g -O2   conftest.c  >&5
configure:12355: $? = 0
configure:12355: result: yes
configure:12355: checking for sched_yield
configure:12355: gcc -o conftest -g -O2   conftest.c  >&5
configure:12355: $? = 0
configure:12355: result: yes
configure:12355: checking for strtoll
configure:12355: gcc -o conftest -g -O2   conftest.c  >&5
configure:12355: $? = 0
configure:12355: result: yes
configure:12365: checking for gcc __sync builtins
configure:12379: gcc -o conftest -g -O2   conftest.c  >&5
configure:12379: $? = 0
configure:12389: result: yes
configure:12392: checking for gcc __atomic builtins
configure:12406: gcc -o conftest -g -O2   conftest.c  >&5
configure:12406: $? = 0
configure:12416: result: yes
configure:12589: checking that generated files are newer than configure
configure:12595: result: done
configure:12622: creating ./config.status

## ---------------------- ##
## Running config.status. ##
## ---------------------- ##

This file was extended by jansson config.status 2.9, which was
generated by GNU Autoconf 2.69.  Invocation command line was

  CONFIG_FILES    = 
  CONFIG_HEADERS  = 
  CONFIG_LINKS    = 
  CONFIG_COMMANDS = 
  $ ./config.status 

on amnesia92.home

config.status:1118: creating jansson.pc
config.status:1118: creating Makefile
config.status:1118: creating doc/Makefile
config.status:1118: creating src/Makefile
config.status:1118: creating src/jansson_config.h
config.status:1118: creating test/Makefile
config.status:1118: creating test/bin/Makefile
config.status:1118: creating test/suites/Makefile
config.status:1118: creating test/suites/api/Makefile
config.status:1118: creating jansson_private_config.h
config.status:1347: executing depfiles commands
config.status:1347: executing libtool commands

## ---------------- ##
## Cache variables. ##
## ---------------- ##

ac_cv_build=x86_64-apple-darwin15.6.0
ac_cv_c_compiler_gnu=yes
ac_cv_c_inline=inline
ac_cv_c_int32_t=yes
ac_cv_c_uint16_t=yes
ac_cv_c_uint32_t=yes
ac_cv_c_uint8_t=yes
ac_cv_env_CC_set=
ac_cv_env_CC_value=
ac_cv_env_CFLAGS_set=
ac_cv_env_CFLAGS_value=
ac_cv_env_CPPFLAGS_set=
ac_cv_env_CPPFLAGS_value=
ac_cv_env_CPP_set=
ac_cv_env_CPP_value=
ac_cv_env_LDFLAGS_set=
ac_cv_env_LDFLAGS_value=
ac_cv_env_LIBS_set=
ac_cv_env_LIBS_value=
ac_cv_env_LT_SYS_LIBRARY_PATH_set=
ac_cv_env_LT_SYS_LIBRARY_PATH_value=
ac_cv_env_build_alias_set=
ac_cv_env_build_alias_value=
ac_cv_env_host_alias_set=
ac_cv_env_host_alias_value=
ac_cv_env_target_alias_set=
ac_cv_env_target_alias_value=
ac_cv_func_close=yes
ac_cv_func_getpid=yes
ac_cv_func_gettimeofday=yes
ac_cv_func_localeconv=yes
ac_cv_func_open=yes
ac_cv_func_read=yes
ac_cv_func_sched_yield=yes
ac_cv_func_strtoll=yes
ac_cv_header_dlfcn_h=yes
ac_cv_header_endian_h=no
ac_cv_header_fcntl_h=yes
ac_cv_header_inttypes_h=yes
ac_cv_header_locale_h=yes
ac_cv_header_memory_h=yes
ac_cv_header_sched_h=yes
ac_cv_header_stdc=yes
ac_cv_header_stdint_h=yes
ac_cv_header_stdlib_h=yes
ac_cv_header_string_h=yes
ac_cv_header_strings_h=yes
ac_cv_header_sys_param_h=yes
ac_cv_header_sys_stat_h=yes
ac_cv_header_sys_time_h=yes
ac_cv_header_sys_types_h=yes
ac_cv_header_unistd_h=yes
ac_cv_host=x86_64-apple-darwin15.6.0
ac_cv_objext=o
ac_cv_path_EGREP='/usr/bin/grep -E'
ac_cv_path_FGREP='/usr/bin/grep -F'
ac_cv_path_GREP=/usr/bin/grep
ac_cv_path_SED=/usr/bin/sed
ac_cv_path_install='/usr/bin/install -c'
ac_cv_path_lt_DD=/bin/dd
ac_cv_prog_AWK=awk
ac_cv_prog_CPP='gcc -E'
ac_cv_prog_ac_ct_AR=ar
ac_cv_prog_ac_ct_CC=gcc
ac_cv_prog_ac_ct_DSYMUTIL=dsymutil
ac_cv_prog_ac_ct_LIPO=lipo
ac_cv_prog_ac_ct_NMEDIT=nmedit
ac_cv_prog_ac_ct_OTOOL=otool
ac_cv_prog_ac_ct_RANLIB=ranlib
ac_cv_prog_ac_ct_STRIP=strip
ac_cv_prog_cc_c89=
ac_cv_prog_cc_g=yes
ac_cv_prog_make_make_set=yes
ac_cv_type_long_long_int=yes
ac_cv_type_unsigned_long_long_int=yes
am_cv_CC_dependencies_compiler_type=gcc3
am_cv_make_support_nested_variables=yes
am_cv_prog_cc_c_o=yes
lt_cv_apple_cc_single_mod=yes
lt_cv_ar_at_file=no
lt_cv_deplibs_check_method=pass_all
lt_cv_file_magic_cmd='$MAGIC_CMD'
lt_cv_file_magic_test_file=
lt_cv_ld_exported_symbols_list=yes
lt_cv_ld_force_load=yes
lt_cv_ld_reload_flag=-r
lt_cv_nm_interface='BSD nm'
lt_cv_objdir=.libs
lt_cv_path_LD=/Library/Developer/CommandLineTools/usr/bin/ld
lt_cv_path_NM='/usr/bin/nm -B'
lt_cv_path_mainfest_tool=no
lt_cv_prog_compiler_c_o=yes
lt_cv_prog_compiler_pic='-fno-common -DPIC'
lt_cv_prog_compiler_pic_works=yes
lt_cv_prog_compiler_rtti_exceptions=yes
lt_cv_prog_compiler_static_works=no
lt_cv_prog_gnu_ld=no
lt_cv_sharedlib_from_linklib_cmd='printf %s\n'
lt_cv_sys_global_symbol_pipe='sed -n -e '\''s/^.*[	 ]\([BCDEGRST][BCDEGRST]*\)[	 ][	 ]*_\([_A-Za-z][_A-Za-z0-9]*\)$/\1 _\2 \2/p'\'' | sed '\''/ __gnu_lto/d'\'''
lt_cv_sys_global_symbol_to_c_name_address='sed -n -e '\''s/^: \(.*\) .*$/  {"\1", (void *) 0},/p'\'' -e '\''s/^[BCDEGRST][BCDEGRST]* .* \(.*\)$/  {"\1", (void *) \&\1},/p'\'''
lt_cv_sys_global_symbol_to_c_name_address_lib_prefix='sed -n -e '\''s/^: \(.*\) .*$/  {"\1", (void *) 0},/p'\'' -e '\''s/^[BCDEGRST][BCDEGRST]* .* \(lib.*\)$/  {"\1", (void *) \&\1},/p'\'' -e '\''s/^[BCDEGRST][BCDEGRST]* .* \(.*\)$/  {"lib\1", (void *) \&\1},/p'\'''
lt_cv_sys_global_symbol_to_cdecl='sed -n -e '\''s/^T .* \(.*\)$/extern int \1();/p'\'' -e '\''s/^[BCDEGRST][BCDEGRST]* .* \(.*\)$/extern char \1;/p'\'''
lt_cv_sys_global_symbol_to_import=
lt_cv_sys_max_cmd_len=196608
lt_cv_to_host_file_cmd=func_convert_file_noop
lt_cv_to_tool_file_cmd=func_convert_file_noop
lt_cv_truncate_bin='/bin/dd bs=4096 count=1'

## ----------------- ##
## Output variables. ##
## ----------------- ##

ACLOCAL='${SHELL} /Users/Martin/Dev/projets/uni/lib/jansson-2.9/missing aclocal-1.15'
AMDEPBACKSLASH='\'
AMDEP_FALSE='#'
AMDEP_TRUE=''
AMTAR='$${TAR-tar}'
AM_BACKSLASH='\'
AM_CFLAGS='-Wall -Wextra -Wdeclaration-after-statement'
AM_DEFAULT_V='$(AM_DEFAULT_VERBOSITY)'
AM_DEFAULT_VERBOSITY='1'
AM_V='$(V)'
AR='ar'
AUTOCONF='${SHELL} /Users/Martin/Dev/projets/uni/lib/jansson-2.9/missing autoconf'
AUTOHEADER='${SHELL} /Users/Martin/Dev/projets/uni/lib/jansson-2.9/missing autoheader'
AUTOMAKE='${SHELL} /Users/Martin/Dev/projets/uni/lib/jansson-2.9/missing automake-1.15'
AWK='awk'
CC='gcc'
CCDEPMODE='depmode=gcc3'
CFLAGS='-g -O2'
CPP='gcc -E'
CPPFLAGS=''
CYGPATH_W='echo'
DEFS='-DHAVE_CONFIG_H'
DEPDIR='.deps'
DLLTOOL='false'
DSYMUTIL='dsymutil'
DUMPBIN=''
ECHO_C='\c'
ECHO_N=''
ECHO_T=''
EGREP='/usr/bin/grep -E'
EXEEXT=''
FGREP='/usr/bin/grep -F'
GCC_FALSE='#'
GCC_TRUE=''
GREP='/usr/bin/grep'
INSTALL_DATA='${INSTALL} -m 644'
INSTALL_PROGRAM='${INSTALL}'
INSTALL_SCRIPT='${INSTALL}'
INSTALL_STRIP_PROGRAM='$(install_sh) -c -s'
LD='/Library/Developer/CommandLineTools/usr/bin/ld'
LDFLAGS=''
LIBOBJS=''
LIBS=''
LIBTOOL='$(SHELL) $(top_builddir)/libtool'
LIPO='lipo'
LN_S='ln -s'
LTLIBOBJS=''
LT_SYS_LIBRARY_PATH=''
MAKEINFO='${SHELL} /Users/Martin/Dev/projets/uni/lib/jansson-2.9/missing makeinfo'
MANIFEST_TOOL=':'
MKDIR_P='./install-sh -c -d'
NM='/usr/bin/nm -B'
NMEDIT='nmedit'
OBJDUMP='false'
OBJEXT='o'
OTOOL64=':'
OTOOL='otool'
PACKAGE='jansson'
PACKAGE_BUGREPORT='petri@digip.org'
PACKAGE_NAME='jansson'
PACKAGE_STRING='jansson 2.9'
PACKAGE_TARNAME='jansson'
PACKAGE_URL=''
PACKAGE_VERSION='2.9'
PATH_SEPARATOR=':'
RANLIB='ranlib'
SED='/usr/bin/sed'
SET_MAKE=''
SHELL='/bin/sh'
STRIP='strip'
VERSION='2.9'
ac_ct_AR='ar'
ac_ct_CC='gcc'
ac_ct_DUMPBIN=''
am__EXEEXT_FALSE=''
am__EXEEXT_TRUE='#'
am__fastdepCC_FALSE='#'
am__fastdepCC_TRUE=''
am__include='include'
am__isrc=''
am__leading_dot='.'
am__nodep='_no'
am__quote=''
am__tar='$${TAR-tar} chof - "$$tardir"'
am__untar='$${TAR-tar} xf -'
bindir='${exec_prefix}/bin'
build='x86_64-apple-darwin15.6.0'
build_alias=''
build_cpu='x86_64'
build_os='darwin15.6.0'
build_vendor='apple'
datadir='${datarootdir}'
datarootdir='${prefix}/share'
docdir='${datarootdir}/doc/${PACKAGE_TARNAME}'
dvidir='${docdir}'
exec_prefix='${prefix}'
host='x86_64-apple-darwin15.6.0'
host_alias=''
host_cpu='x86_64'
host_os='darwin15.6.0'
host_vendor='apple'
htmldir='${docdir}'
includedir='${prefix}/include'
infodir='${datarootdir}/info'
install_sh='${SHELL} /Users/Martin/Dev/projets/uni/lib/jansson-2.9/install-sh'
json_have_localeconv='1'
json_have_long_long='1'
json_inline='inline'
libdir='${exec_prefix}/lib'
libexecdir='${exec_prefix}/libexec'
localedir='${datarootdir}/locale'
localstatedir='${prefix}/var'
mandir='${datarootdir}/man'
mkdir_p='$(MKDIR_P)'
oldincludedir='/usr/include'
pdfdir='${docdir}'
prefix='/usr/local'
program_transform_name='s,x,x,'
psdir='${docdir}'
runstatedir='${localstatedir}/run'
sbindir='${exec_prefix}/sbin'
sharedstatedir='${prefix}/com'
sysconfdir='${prefix}/etc'
target_alias=''

## ----------- ##
## confdefs.h. ##
## ----------- ##

/* confdefs.h */
#define PACKAGE_NAME "jansson"
#define PACKAGE_TARNAME "jansson"
#define PACKAGE_VERSION "2.9"
#define PACKAGE_STRING "jansson 2.9"
#define PACKAGE_BUGREPORT "petri@digip.org"
#define PACKAGE_URL ""
#define PACKAGE "jansson"
#define VERSION "2.9"
#define STDC_HEADERS 1
#define HAVE_SYS_TYPES_H 1
#define HAVE_SYS_STAT_H 1
#define HAVE_STDLIB_H 1
#define HAVE_STRING_H 1
#define HAVE_MEMORY_H 1
#define HAVE_STRINGS_H 1
#define HAVE_INTTYPES_H 1
#define HAVE_STDINT_H 1
#define HAVE_UNISTD_H 1
#define HAVE_DLFCN_H 1
#define LT_OBJDIR ".libs/"
#define HAVE_FCNTL_H 1
#define HAVE_LOCALE_H 1
#define HAVE_SCHED_H 1
#define HAVE_UNISTD_H 1
#define HAVE_SYS_PARAM_H 1
#define HAVE_SYS_STAT_H 1
#define HAVE_SYS_TIME_H 1
#define HAVE_SYS_TYPES_H 1
#define HAVE_UNSIGNED_LONG_LONG_INT 1
#define HAVE_LONG_LONG_INT 1
#define HAVE_CLOSE 1
#define HAVE_GETPID 1
#define HAVE_GETTIMEOFDAY 1
#define HAVE_LOCALECONV 1
#define HAVE_OPEN 1
#define HAVE_READ 1
#define HAVE_SCHED_YIELD 1
#define HAVE_STRTOLL 1
#define HAVE_SYNC_BUILTINS 1
#define HAVE_ATOMIC_BUILTINS 1
#define USE_URANDOM 1
#define USE_WINDOWS_CRYPTOAPI 1
#define INITIAL_HASHTABLE_ORDER 3

configure: exit 0
